----------------------------------------------------------------
<<<<<<< HEAD
Sun Apr 28 17:02:21 EDT 2019:
Booting Derby version The Apache Software Foundation - Apache Derby - 10.10.2.0 - (1582446): instance a816c00e-016a-65c1-7ef8-000006573a10 
on database directory C:\Users\Duncan\Desktop\TBAG.db with class loader sun.misc.Launcher$AppClassLoader@36baf30c 
Loaded from file:/C:/Users/Duncan/Desktop/Spring2019/CS320/CS320_Derby/CS320_Derby/lib/derby.jar
=======
Sun Apr 28 17:20:10 EDT 2019:
Booting Derby version The Apache Software Foundation - Apache Derby - 10.10.2.0 - (1582446): instance a816c00e-016a-65d1-d019-000006956e60 
on database directory /Users/adoyle/Desktop/TBAG.db with class loader sun.misc.Launcher$AppClassLoader@4e25154f 
Loaded from file:/Users/adoyle/Desktop/School/YorkCollege/Spring2019/SoftwareEngineering/Archives/CS320_Derby/lib/derby.jar
>>>>>>> branch 'master' of https://github.com/adoyle12/TBAG.git
java.vendor=Oracle Corporation
java.runtime.version=1.8.0_151-b12
user.dir=C:\Users\Duncan\Desktop\Spring2019\TBAG
os.name=Windows 10
os.arch=amd64
os.version=10.0
derby.system.home=null
Database Class Loader started - derby.database.classpath=''
